<?xml version="1.0" encoding="UTF-8"?>
<!-- Generated by org.testng.reporters.JUnitReportReporter -->
<testsuite skipped="0" hostname="HEMA" name="Project1.NewProject.API" tests="1" failures="0" timestamp="13 Mar 2019 09:00:58 GMT" time="0.014" errors="0">
  <testcase name="sub" time="0.014" classname="Project1.NewProject.API"/>
</testsuite> <!-- Project1.NewProject.API -->
