<?xml version="1.0" encoding="UTF-8"?>
<!-- Generated by org.testng.reporters.JUnitReportReporter -->
<testsuite skipped="0" hostname="HEMA" name="Project1.NewProject.SQL" tests="1" failures="0" timestamp="13 Mar 2019 09:00:58 GMT" time="0.002" errors="0">
  <testcase name="add" time="0.002" classname="Project1.NewProject.SQL"/>
</testsuite> <!-- Project1.NewProject.SQL -->
